This is pdfTeX, Version 3.14159265-2.6-1.40.18 (TeX Live 2017) (preloaded format=pdflatex 2018.3.29)  8 APR 2018 14:35
entering extended mode
 restricted \write18 enabled.
 file:line:error style messages enabled.
 %&-line parsing enabled.
**"KT - assignment 1.tex"
(./KT - assignment 1.tex
LaTeX2e <2017-04-15>
Babel <3.10> and hyphenation patterns for 22 language(s) loaded.
(/usr/local/texlive/2017basic/texmf-dist/tex/latex/base/article.cls
Document Class: article 2014/09/29 v1.4h Standard LaTeX document class
(/usr/local/texlive/2017basic/texmf-dist/tex/latex/base/size11.clo
File: size11.clo 2014/09/29 v1.4h Standard LaTeX file (size option)
)
\c@part=\count79
\c@section=\count80
\c@subsection=\count81
\c@subsubsection=\count82
\c@paragraph=\count83
\c@subparagraph=\count84
\c@figure=\count85
\c@table=\count86
\abovecaptionskip=\skip41
\belowcaptionskip=\skip42
\bibindent=\dimen102
)
(./colacl.sty

ALTW 2005 Proceedings style -- June 7th 2005
derived from
ACL-COLING 1998 Proceedings style -- March 31st 1998

\titlebox=\skip43
)
\bibdata{sample}
No file "KT - assignment 1".bbl.
(./KT - assignment 1.aux)
\openout1 = `"KT - assignment 1.aux"'.

LaTeX Font Info:    Checking defaults for OML/cmm/m/it on input line 15.
LaTeX Font Info:    ... okay on input line 15.
LaTeX Font Info:    Checking defaults for T1/cmr/m/n on input line 15.
LaTeX Font Info:    ... okay on input line 15.
LaTeX Font Info:    Checking defaults for OT1/cmr/m/n on input line 15.
LaTeX Font Info:    ... okay on input line 15.
LaTeX Font Info:    Checking defaults for OMS/cmsy/m/n on input line 15.
LaTeX Font Info:    ... okay on input line 15.
LaTeX Font Info:    Checking defaults for OMX/cmex/m/n on input line 15.
LaTeX Font Info:    ... okay on input line 15.
LaTeX Font Info:    Checking defaults for U/cmr/m/n on input line 15.
LaTeX Font Info:    ... okay on input line 15.
LaTeX Font Info:    External font `cmex10' loaded for size
(Font)              <12> on input line 16.
LaTeX Font Info:    External font `cmex10' loaded for size
(Font)              <8> on input line 16.
LaTeX Font Info:    External font `cmex10' loaded for size
(Font)              <6> on input line 16.


LaTeX Warning: Citation `JOURNAL:1' on page 1 undefined on input line 25.


Underfull \hbox (badness 5374) in paragraph at lines 31--37
[]\OT1/cmr/m/n/10.95 /@@@@@@@@@@@@@@@@@/ -- re-word
 []

LaTeX Font Info:    External font `cmex10' loaded for size
(Font)              <10.95> on input line 64.

Underfull \vbox (badness 1325) has occurred while \output is active []

 [1{/usr/local/texlive/2017basic/texmf-var/fonts/map/pdftex/updmap/pdftex.map}



]
LaTeX Font Info:    External font `cmex10' loaded for size
(Font)              <9> on input line 96.
LaTeX Font Info:    External font `cmex10' loaded for size
(Font)              <5> on input line 96.


LaTeX Warning: Citation `Spa72' on page 2 undefined on input line 98.


LaTeX Warning: Citation `Kay86' on page 2 undefined on input line 98.


LaTeX Warning: Citation `MosWal64' on page 2 undefined on input line 98.


LaTeX Warning: Citation `Spa72' on page 2 undefined on input line 115.


LaTeX Warning: Citation `Kay86' on page 2 undefined on input line 115.


LaTeX Warning: Citation `MosWal64' on page 2 undefined on input line 115.


LaTeX Warning: Citation `Spa72' on page 2 undefined on input line 126.


LaTeX Warning: Citation `Kay86' on page 2 undefined on input line 126.


LaTeX Warning: Citation `MosWal64' on page 2 undefined on input line 126.


Underfull \hbox (badness 1087) in paragraph at lines 203--205
\OT1/cmr/m/n/10.95 Include dis-cus-sion + pos-si-ble im-prove-ments
 []

[2] (./KT - assignment 1.aux) ) 
Here is how much of TeX's memory you used:
 271 strings out of 494437
 3012 string characters out of 6166645
 57626 words of memory out of 5000000
 3683 multiletter control sequences out of 15000+600000
 9592 words of font info for 34 fonts, out of 8000000 for 9000
 319 hyphenation exceptions out of 8191
 23i,9n,23p,541b,227s stack positions out of 5000i,500n,10000p,200000b,80000s
</usr/local/texlive/2017basic/texmf-dist/fonts/t
ype1/public/amsfonts/cm/cmbx10.pfb></usr/local/texlive/2017basic/texmf-dist/fon
ts/type1/public/amsfonts/cm/cmbx12.pfb></usr/local/texlive/2017basic/texmf-dist
/fonts/type1/public/amsfonts/cm/cmmi10.pfb></usr/local/texlive/2017basic/texmf-
dist/fonts/type1/public/amsfonts/cm/cmr10.pfb></usr/local/texlive/2017basic/tex
mf-dist/fonts/type1/public/amsfonts/cm/cmr6.pfb></usr/local/texlive/2017basic/t
exmf-dist/fonts/type1/public/amsfonts/cm/cmr8.pfb></usr/local/texlive/2017basic
/texmf-dist/fonts/type1/public/amsfonts/cm/cmr9.pfb></usr/local/texlive/2017bas
ic/texmf-dist/fonts/type1/public/amsfonts/cm/cmsy10.pfb></usr/local/texlive/201
7basic/texmf-dist/fonts/type1/public/amsfonts/cm/cmtt10.pfb>
Output written on "KT - assignment 1.pdf" (2 pages, 110681 bytes).
PDF statistics:
 47 PDF objects out of 1000 (max. 8388607)
 33 compressed objects within 1 object stream
 0 named destinations out of 1000 (max. 500000)
 1 words of extra memory for PDF output out of 10000 (max. 10000000)

